<?xml version="1.0" encoding="UTF-8"?>
<testng-results total="2" passed="2" failed="0" skipped="0">
  <reporter-output>
  </reporter-output>
  <suite started-at="2024-04-14T05:52:22Z" name="Suite" finished-at="2024-04-14T05:52:29Z" duration-ms="7296">
    <groups>
    </groups>
    <test started-at="2024-04-14T05:52:22Z" name="Test" finished-at="2024-04-14T05:52:29Z" duration-ms="7296">
      <class name="com.utdb.tests.LoginpageTests">
        <test-method is-config="true" signature="setUp()[pri:0, instance:com.utdb.tests.LoginpageTests@545e57d7]" started-at="2024-04-14T11:22:22Z" name="setUp" finished-at="2024-04-14T11:22:29Z" duration-ms="6762" status="PASS">
          <reporter-output>
          </reporter-output>
        </test-method> <!-- setUp -->
        <test-method signature="test2()[pri:0, instance:com.utdb.tests.LoginpageTests@545e57d7]" started-at="2024-04-14T11:22:29Z" name="test2" finished-at="2024-04-14T11:22:29Z" duration-ms="295" status="PASS">
          <reporter-output>
          </reporter-output>
        </test-method> <!-- test2 -->
        <test-method is-config="true" signature="tearDown()[pri:0, instance:com.utdb.tests.LoginpageTests@545e57d7]" started-at="2024-04-14T11:22:29Z" name="tearDown" finished-at="2024-04-14T11:22:29Z" duration-ms="210" status="PASS">
          <reporter-output>
          </reporter-output>
        </test-method> <!-- tearDown -->
      </class> <!-- com.utdb.tests.LoginpageTests -->
      <class name="com.utdb.tests.HomepageTests">
        <test-method is-config="true" signature="setUp()[pri:0, instance:com.utdb.tests.HomepageTests@5a67e962]" started-at="2024-04-14T11:22:22Z" name="setUp" finished-at="2024-04-14T11:22:26Z" duration-ms="3649" status="PASS">
          <reporter-output>
          </reporter-output>
        </test-method> <!-- setUp -->
        <test-method signature="test1()[pri:0, instance:com.utdb.tests.HomepageTests@5a67e962]" started-at="2024-04-14T11:22:26Z" name="test1" finished-at="2024-04-14T11:22:26Z" duration-ms="296" status="PASS">
          <reporter-output>
          </reporter-output>
        </test-method> <!-- test1 -->
        <test-method is-config="true" signature="tearDown()[pri:0, instance:com.utdb.tests.HomepageTests@5a67e962]" started-at="2024-04-14T11:22:26Z" name="tearDown" finished-at="2024-04-14T11:22:26Z" duration-ms="260" status="PASS">
          <reporter-output>
          </reporter-output>
        </test-method> <!-- tearDown -->
      </class> <!-- com.utdb.tests.HomepageTests -->
    </test> <!-- Test -->
  </suite> <!-- Suite -->
</testng-results>
